/home/salils/Documents/Python_n_R/Py_Projects/News_Summarization/news_scraper.py:79: GuessedAtParserWarning: No parser was explicitly specified, so I'm using the best available HTML parser for this system ("html.parser"). This usually isn't a problem, but if you run this code on another system, or in a different virtual environment, it may use a different parser and behave differently.

The code that caused this warning is on line 79 of the file /home/salils/Documents/Python_n_R/Py_Projects/News_Summarization/news_scraper.py. To get rid of this warning, pass the additional argument 'features="html.parser"' to the BeautifulSoup constructor.

  soup = BeautifulSoup(json.loads(r.text)['html'])
/home/salils/Documents/Python_n_R/Py_Projects/News_Summarization/properties.config
STAGE
6
pnhswlhx-1
0 0 pnhswlhx-1
gjiij9fm-1
{'headlines': "SpiceJet shares hit 2-year low after airline's flight operations cut by 50%", 'text': "Shares of SpiceJet tanked as much as 10% on the BSE in Thursday's early trading session, hitting a 2-year low. This comes after DGCA ordered the Indian airline company to cut its approved fleet to 50% this summer for eight weeks. The DGCA order came as the airline reported multiple snags in a short period of time.", 'date': Timestamp('2022-07-28 00:00:00'), 'author': 'Ankush Verma', 'read_more': 'https://www.bseindia.com/stock-share-price/spicejet-ltd/spicejet/500285/?utm_campaign=fullarticle&utm_medium=referral&utm_source=inshorts', 'image_url': 'https://static.inshorts.com/inshorts/images/v1/variants/jpg/m/2022/07_jul/28_thu/img_1658992769339_385.jpg?', 'inshorts_url': 'https://inshorts.com/en/news/spicejet-shares-hit-2year-low-after-airlines-flight-operations-cut-by-50-1658994049716', 'original_source': 'bseindia.com', 'day': 'Thursday'}
{'headlines': 'Oil price rises as Russia cuts gas flow to Europe, US supply concerns', 'text': "Amid a report of lower inventories in the US and Russia cutting gas flows to Europe, oil price rose by $1 a barrel. Brent crude rose by $1.19 to $105.59 a barrel, while WTI crude gained $1.47 to settle at $96.45. After Russia's invasion of Ukraine in February, oil reached a 14-year high of $139 a barrel in March.", 'date': Timestamp('2022-07-27 00:00:00'), 'author': 'Srishty Choudhury', 'read_more': 'https://www.reuters.com/business/energy/oil-rises-us-crude-stock-drawdown-2022-07-27/?utm_campaign=fullarticle&utm_medium=referral&utm_source=inshorts', 'image_url': 'https://static.inshorts.com/inshorts/images/v1/variants/jpg/m/2022/07_jul/27_wed/img_1658934653988_696.jpg?', 'inshorts_url': 'https://inshorts.com/en/news/oil-price-rises-as-russia-cuts-gas-flow-to-europe-us-supply-concerns-1658941113106', 'original_source': 'Reuters', 'day': 'Wednesday'}
{'headlines': 'Meta posts its first ever quarterly drop in revenue', 'text': 'Meta has recorded its first ever quarterly drop in revenue. Total revenue fell 1% to $28.8 billion in the second quarter ended June 30, from $29.1 billion last year. The company said it expects third-quarter revenue to fall to $26 billion and $28.5 billion, which would make it a second year-over-year drop in a row.', 'date': Timestamp('2022-07-28 00:00:00'), 'author': 'Ankush Verma', 'read_more': 'https://www.hindustantimes.com/business/facebook-parent-meta-posts-first-revenue-decline-in-history-101658958388150-amp.html?utm_campaign=fullarticle&utm_medium=referral&utm_source=inshorts', 'image_url': 'https://static.inshorts.com/inshorts/images/v1/variants/jpg/m/2022/07_jul/28_thu/img_1658987392399_7.jpg?', 'inshorts_url': 'https://inshorts.com/en/news/meta-posts-its-first-ever-quarterly-drop-in-revenue-1658988626983', 'original_source': 'Hindustan Times', 'day': 'Thursday'}
{'headlines': 'Govt shares data, lists major reasons behind fall of rupee against US dollar', 'text': 'The government, while answering a question in the Rajya Sabha, shared data showing changes in value of Indian rupee against US dollar since 2018. According to the government, the major reasons behind the fall in rupee include US-China trade war, COVID-19 related disruptions, hike in interest rates by US Federal Reserve, rising crude oil prices and Russia-Ukraine war, among others.', 'date': Timestamp('2022-07-26 00:00:00'), 'author': 'Anmol Sharma', 'read_more': 'https://twitter.com/ANI/status/1551923232231784449?utm_campaign=fullarticle&utm_medium=referral&utm_source=inshorts', 'image_url': 'https://static.inshorts.com/inshorts/images/v1/variants/jpg/m/2022/07_jul/26_tue/img_1658853760150_344.jpg?', 'inshorts_url': 'https://inshorts.com/en/news/govt-shares-data-lists-major-reasons-behind-fall-of-rupee-against-us-dollar-1658855932031', 'original_source': 'ANI', 'day': 'Tuesday'}
{'headlines': 'Who are the richest Indian women as per Hurun?', 'text': "HCL Technologies' chairperson Roshni Nadar Malhotra has retained her position as India's richest woman, with a 54% jump in her wealth to ₹84,330 crore in 2021, as per the Kotak Private Banking-Hurun list. Nykaa Founder Falguni Nayar is the richest self-made woman with a net worth of ₹57,520 crore. Biocon's Kiran Mazumdar-Shaw is the third richest woman in the country.", 'date': Timestamp('2022-07-27 00:00:00'), 'author': 'Daisy Mowke', 'read_more': 'https://www.moneycontrol.com/news/business/roshni-nadar-malhotra-tops-kotak-hurun-list-of-wealthiest-indian-women-falguni-nayar-second-8898041.html/amp?utm_campaign=fullarticle&utm_medium=referral&utm_source=inshorts', 'image_url': 'https://static.inshorts.com/inshorts/images/v1/variants/jpg/m/2022/07_jul/27_wed/img_1658927296575_853.jpg?', 'inshorts_url': 'https://inshorts.com/en/news/who-are-the-richest-indian-women-as-per-hurun-1658928236643', 'original_source': 'Moneycontrol', 'day': 'Wednesday'}
{'headlines': 'US Federal Reserve hikes interest rates by 0.75% for the 2nd consecutive time', 'text': 'The US Federal Reserve System on Wednesday raised its benchmark interest rate by 0.75% for the second straight time, matching the largest increase since 1994. The move will raise its key rate to a range of 2.25% to 2.5%, its highest level since 2018. This comes after annual inflation in US hit a new four-decade high of 9.1% in June.', 'date': Timestamp('2022-07-28 00:00:00'), 'author': 'Anmol Sharma', 'read_more': 'https://www.reuters.com/markets/us/fed-unveil-another-big-rate-hike-signs-economic-slowdown-grow-2022-07-27/?utm_campaign=fullarticle&utm_medium=referral&utm_source=inshorts', 'image_url': 'https://static.inshorts.com/inshorts/images/v1/variants/jpg/m/2022/07_jul/27_wed/img_1658946334801_51.jpg?', 'inshorts_url': 'https://inshorts.com/en/news/us-federal-reserve-hikes-interest-rates-by-075-for-the-2nd-consecutive-time-1658946606189', 'original_source': 'Reuters', 'day': 'Thursday'}
{'headlines': "Asia's richest woman Yang Huiyan loses half her fortune in China property crisis", 'text': "Asia's wealthiest woman lost more than half her fortune over the past year as China's real estate sector was hit by a cash crunch, according to the Bloomberg Billionaires Index. Yang Huiyan, a majority shareholder in Chinese property giant Country Garden, saw her net worth plunge by more than 52% to $11.3 billion from $23.7 billion a year ago.", 'date': Timestamp('2022-07-28 00:00:00'), 'author': 'Ankush Verma', 'read_more': 'https://www.bqprime.com/amp/bloomberg/china-property-crisis-asia-s-richest-woman-yang-huiyan-loses-half-her-fortune?utm_campaign=fullarticle&utm_medium=referral&utm_source=inshorts', 'image_url': 'https://static.inshorts.com/inshorts/images/v1/variants/jpg/m/2022/07_jul/28_thu/img_1658985368393_879.jpg?', 'inshorts_url': 'https://inshorts.com/en/news/asias-richest-woman-yang-huiyan-loses-half-her-fortune-in-china-property-crisis-1658988335161', 'original_source': 'BQ Prime', 'day': 'Thursday'}
{'headlines': "Wall Street rises after Alphabet, Microsoft's quarterly results", 'text': 'With Microsoft and Alphabet posting a surge in quarterly results, the investor sentiment at Wall Street was lifted on Wednesday. Alphabet shares rose by 4.5% propelled by Google ad sales, while Microsoft rose by 3.1% following its double-digit fiscal revenue growth forecast. S&P 500 Communication Services index rose for the first time in five days and tech stocks surged 2.8%.', 'date': Timestamp('2022-07-27 00:00:00'), 'author': 'Srishty Choudhury', 'read_more': 'https://www.reuters.com/markets/europe/microsoft-alphabet-results-spark-rally-megacap-stocks-2022-07-27/?utm_campaign=fullarticle&utm_medium=referral&utm_source=inshorts', 'image_url': 'https://static.inshorts.com/inshorts/images/v1/variants/jpg/m/2022/07_jul/27_wed/img_1658936803848_46.jpg?', 'inshorts_url': 'https://inshorts.com/en/news/wall-street-rises-after-alphabet-microsofts-quarterly-results-1658943446167', 'original_source': 'Reuters', 'day': 'Wednesday'}
{'headlines': 'Maruti Suzuki India reports 130% surge in net profit in Q1FY23', 'text': "Maruti Suzuki India on Wednesday reported 130% surge in net profit to ₹1,012.8 crore for Q1FY23. The carmaker attributed the surge mainly to a low base in the year-ago period. It had posted a net profit of ₹440.80 crore in the April-June quarter of the last fiscal when the company's earnings were adversely hit due to second wave of COVID-19.", 'date': Timestamp('2022-07-27 00:00:00'), 'author': 'Srishty Choudhury', 'read_more': 'https://aninews.in/news/business/maruti-suzuki-q1-profit-surges-130-per-cent-due-to-low-base20220727152443/?utm_campaign=fullarticle&utm_medium=referral&utm_source=inshorts', 'image_url': 'https://static.inshorts.com/inshorts/images/v1/variants/jpg/m/2022/07_jul/27_wed/img_1658917455947_493.jpg?', 'inshorts_url': 'https://inshorts.com/en/news/maruti-suzuki-india-reports-130-surge-in-net-profit-in-q1fy23-1658922760864', 'original_source': 'ANI News', 'day': 'Wednesday'}
{'headlines': "Which 15 companies have withdrawn 'misleading' ads according to the government?", 'text': 'According to Central Consumer Protection Authority\'s Chief Commissioner Nidhi Khare, the companies which withdrew "misleading" ads included Siyaram Silk, Lifebuoy, Kent RO, Asian Paints, Blue Star, Zodiac, Safal Hospitality and Maintenance Services and Berger Paints India Limited. Blue Star Limited, AM Webshop India Pvt. Ltd (Spaces), Naaptol and Sensodyne have also withdrawn "misleading" ads.', 'date': Timestamp('2022-07-27 00:00:00'), 'author': 'Ankush Verma', 'read_more': 'None', 'image_url': 'https://static.inshorts.com/inshorts/images/v1/variants/jpg/m/2022/07_jul/27_wed/img_1658902823024_958.jpg?', 'inshorts_url': 'https://inshorts.com/en/news/which-15-companies-have-withdrawn-misleading-ads-according-to-the-government-1658906083959', 'original_source': 'Inshorts', 'day': 'Wednesday'}
{'headlines': 'Zomato allots 4.6 crore shares to employees at ₹1 apiece', 'text': "Amid a fall in the share price of Zomato, the food delivery player has allotted 4,65,51,600 equity shares from its ESOP (employee stock option plan) pool at an exercise price of one rupee. Zomato's shares have lost over 74% of their value from the all-time peak of ₹169.10. Zomato's shares are currently trading at around ₹43.00 apiece on the BSE.", 'date': Timestamp('2022-07-27 00:00:00'), 'author': 'Ankush Verma', 'read_more': 'https://www.moneycontrol.com/news/business/zomato-allots-4-66-crore-shares-to-employees-at-re-1-apiece-amid-sell-off-8896071.html/amp?utm_campaign=fullarticle&utm_medium=referral&utm_source=inshorts', 'image_url': 'https://static.inshorts.com/inshorts/images/v1/variants/jpg/m/2022/07_jul/27_wed/img_1658905495910_302.jpg?', 'inshorts_url': 'https://inshorts.com/en/news/zomato-allots-46-crore-shares-to-employees-at-₹1-apiece-1658906556696', 'original_source': 'Moneycontrol', 'day': 'Wednesday'}
{'headlines': "World's richest family, the Waltons, loses $11.4 bn as shares of Walmart decline by 8%", 'text': "World's richest family, the Waltons, lost $11.4 billion on Tuesday after Walmart Inc slashed its earnings outlook for the second time this year. Shares of the retailer, which is controlled by the family, tumbled nearly 8% in New York trading. Walmart Inc said adjusted earnings per share will decline as much as 13% this year.", 'date': Timestamp('2022-07-27 00:00:00'), 'author': 'Ankush Verma', 'read_more': 'https://www.news18.com/amp/news/business/walmart-share-fall-pulls-down-world-richest-familys-net-worth-by-11-4-billion-check-details-5634817.html?utm_campaign=fullarticle&utm_medium=referral&utm_source=inshorts', 'image_url': 'https://static.inshorts.com/inshorts/images/v1/variants/jpg/m/2022/07_jul/27_wed/img_1658913374633_797.jpg?', 'inshorts_url': 'https://inshorts.com/en/news/worlds-richest-family-the-waltons-loses-$114-bn-as-shares-of-walmart-decline-by-8-1658915738862', 'original_source': 'News18', 'day': 'Wednesday'}
{'headlines': 'Sensex jumps to 55,816 points, Nifty settles at 16,641', 'text': 'The benchmark indices bounced back on Wednesday, ending a two-day losing streak. The Sensex jumped 0.99% to end at 55,816.32 points, while the Nifty surged 0.96% to 16,641.8 points. The recoveries were supported by buying in IT and bank stocks. Sun Pharma, L&T and SBI emerged as the biggest gainers, while Bharti Airtel, Kotak Mahindra Bank and Bajaj Auto slipped.', 'date': Timestamp('2022-07-27 00:00:00'), 'author': 'Srishty Choudhury', 'read_more': 'https://www.moneycontrol.com/news/business/markets/share-market-live-updates-stock-market-today-july-27-latest-news-bse-nse-sensex-nifty-covid-coronavirus-maruti-suzuki-tata-motors-bajaj-finance-biocon-colgate-palmolive-larsen-toubro-tata-power-wipro-8895531.html/amp?utm_campaign=fullarticle&utm_medium=referral&utm_source=inshorts', 'image_url': 'https://static.inshorts.com/inshorts/images/v1/variants/jpg/m/2022/07_jul/27_wed/img_1658923982849_871.jpg?', 'inshorts_url': 'https://inshorts.com/en/news/sensex-jumps-to-55816-points-nifty-settles-at-16641-1658925809274', 'original_source': 'Moneycontrol', 'day': 'Wednesday'}
{'headlines': 'G7 plans price-capping mechanism on Russian oil exports by Dec 5', 'text': 'The Group of Seven (G7) economies, the US, Canada, Japan, Germany, France, Italy and Britain, aim to have a price-capping mechanism on Russian oil exports by December 5. This would curb Moscow\'s revenue and prevent it from financing the war on Ukraine. "The goal...is to align with the timing that the EU has...put in place," a senior G7 official said.', 'date': Timestamp('2022-07-27 00:00:00'), 'author': 'Srishty Choudhury', 'read_more': 'https://www.reuters.com/business/energy/g7-aim-have-price-cap-russian-oil-place-before-dec-5-2022-07-27/?utm_campaign=fullarticle&utm_medium=referral&utm_source=inshorts', 'image_url': 'https://static.inshorts.com/inshorts/images/v1/variants/jpg/m/2022/07_jul/27_wed/img_1658939955930_300.jpg?', 'inshorts_url': 'https://inshorts.com/en/news/g7-plans-pricecapping-mechanism-on-russian-oil-exports-by-dec-5-1658943877249', 'original_source': 'Reuters', 'day': 'Wednesday'}
{'headlines': 'Shopify to lay off 10% of its workforce on slowing online orders', 'text': 'Shopify is laying off 10% of its workforce, the e-commerce company said on Tuesday as it struggles with sales growth due to a post-pandemic slowdown in online shopping. Shopify had placed its bets on a pandemic-driven boom in online shopping. "It\'s now clear that the bet didn\'t pay off," CEO Tobias Lutke said. About 1,000 workers will reportedly be affected.', 'date': Timestamp('2022-07-26 00:00:00'), 'author': 'Ashley Paul', 'read_more': 'https://www.moneycontrol.com/news/business/canadas-shopify-cuts-10-of-workforce-on-slowing-online-orders-8893431.html/amp?utm_campaign=fullarticle&utm_medium=referral&utm_source=inshorts', 'image_url': 'https://static.inshorts.com/inshorts/images/v1/variants/jpg/m/2022/07_jul/26_tue/img_1658850658842_943.jpg?', 'inshorts_url': 'https://inshorts.com/en/news/shopify-to-lay-off-10-of-its-workforce-on-slowing-online-orders-1658852551401', 'original_source': 'Moneycontrol', 'day': 'Tuesday'}
{'headlines': 'Digital payments in India grew 29% annually at March-end 2022: RBI', 'text': 'Digital payments across India grew nearly 29% in a year through March 2022, as per RBI\'s digital payment index (DPI). The index, which is constructed using March 2018 as its base period, stood at 349.3 in March 2022 against 270.59 in March 2021. "DPI has demonstrated significant growth, representing rapid adoption and deepening of digital payments," RBI said.', 'date': Timestamp('2022-07-27 00:00:00'), 'author': 'Ashley Paul', 'read_more': 'https://www.financialexpress.com/industry/banking-finance/digital-payments-record-29-annual-growth-at-march-end-2022-shows-rbi-data/2608504/lite/?utm_campaign=fullarticle&utm_medium=referral&utm_source=inshorts', 'image_url': 'https://static.inshorts.com/inshorts/images/v1/variants/jpg/m/2022/07_jul/27_wed/img_1658932936559_304.jpg?', 'inshorts_url': 'https://inshorts.com/en/news/digital-payments-in-india-grew-29-annually-at-marchend-2022-rbi-1658936493607', 'original_source': 'Financial Express', 'day': 'Wednesday'}
{'headlines': 'India has not imposed any country specific ban on imports: Piyush Goyal', 'text': 'Responding to a question on whether Centre has taken any steps to impose a ban on Chinese products, Union Minister of Commerce and Industry Piyush Goyal told Parliament that India has not imposed any country specific ban on imports. "India and China, are both members of the WTO, and any trade restriction imposed must be WTO compliant," he further said.', 'date': Timestamp('2022-07-27 00:00:00'), 'author': 'Subhangi Singh', 'read_more': 'https://theprint.in/economy/india-has-not-imposed-any-country-specific-ban-on-imports-minister-goyal-informs-parliament/1057107/?amp=&utm_campaign=fullarticle&utm_medium=referral&utm_source=inshorts', 'image_url': 'https://static.inshorts.com/inshorts/images/v1/variants/jpg/m/2022/07_jul/27_wed/img_1658914417121_807.jpg?', 'inshorts_url': 'https://inshorts.com/en/news/india-has-not-imposed-any-country-specific-ban-on-imports-piyush-goyal-1658917273448', 'original_source': 'The Print', 'day': 'Wednesday'}
{'headlines': "India's imports from China surged 29% in 5 years: Government", 'text': "India's total imports from China surged by nearly 29% in the past five years, the government said. Animal or vegetable fats, ores, slag and ash, mineral fuels, chemicals, fertilizers, dyeing extracts, plastic, paper, cotton, textile fabrics, footwear, glassware, iron, steel, copper, nuclear reactors, boilers, machinery, appliances and furniture were part of the major imports.", 'date': Timestamp('2022-07-28 00:00:00'), 'author': 'Srishty Choudhury', 'read_more': 'https://www.aninews.in/news/business/indias-imports-from-china-increased-29-pc-in-5-years-centre-in-parliament20220728083341/?utm_campaign=fullarticle&utm_medium=referral&utm_source=inshorts', 'image_url': 'https://static.inshorts.com/inshorts/images/v1/variants/jpg/m/2022/07_jul/28_thu/img_1658979991141_222.jpg?', 'inshorts_url': 'https://inshorts.com/en/news/indias-imports-from-china-surged-29-in-5-years-government-1658983738294', 'original_source': 'ANI News', 'day': 'Thursday'}
{'headlines': "Saudi Arabia to set aside $80 bn for Prince's megaproject", 'text': "Saudi Arabia will set aside $80 billion (300 billion riyals) for Prince Mohammed bin Salman's flagship megaproject, Neom, alongside investing in companies that will operate from there. The Prince plans to expand the fund by engaging investors and through an IPO of Neom in Saudi Arabia. Neom is the Prince's megaproject to turn a desert expanse into a high-tech region.", 'date': Timestamp('2022-07-27 00:00:00'), 'author': 'Anisha Joneja', 'read_more': 'https://www.moneycontrol.com/news/world/saudi-prince-plans-80-billion-investment-fund-for-megaproject-8888191.html/amp?utm_campaign=fullarticle&utm_medium=referral&utm_source=inshorts', 'image_url': 'https://static.inshorts.com/inshorts/images/v1/variants/jpg/m/2022/07_jul/26_tue/img_1658851698446_205.jpg?', 'inshorts_url': 'https://inshorts.com/en/news/saudi-arabia-to-set-aside-$80-bn-for-princes-megaproject-1658869167254', 'original_source': 'Moneycontrol', 'day': 'Wednesday'}
{'headlines': 'L&T shares surge 4% day after June quarter result', 'text': 'A day after reporting a 45% jump in consolidated net profit for the quarter ending June, shares of Larsen & Toubro (L&T) surged nearly 4% on Wednesday morning. The L&T scrip started at ₹1,758 and reached an intra-day high of ₹1,819. The scrip of the engineering and construction conglomerate closed at ₹1,795.40.', 'date': Timestamp('2022-07-27 00:00:00'), 'author': 'Srishty Choudhury', 'read_more': 'None', 'image_url': 'https://static.inshorts.com/inshorts/images/v1/variants/jpg/m/2022/07_jul/27_wed/img_1658915628806_734.jpg?', 'inshorts_url': 'https://inshorts.com/en/news/lt-shares-surge-4-day-after-june-quarter-result-1658922467391', 'original_source': 'Inshorts', 'day': 'Wednesday'}
{'headlines': 'Meta crosses $1-bn annual revenue run rate for ads on Reels', 'text': 'Meta has crossed a $1 billion annual revenue run rate for ads on Reels. Founder and CEO Mark Zuckerberg said that in the April-June period, the company saw an over 30% increase in the time "people spent engaging with Reels across Facebook and Instagram". Reels is Meta\'s rival of TikTok, the short video-making platform.', 'date': Timestamp('2022-07-28 00:00:00'), 'author': 'Srishty Choudhury', 'read_more': 'https://www.timesnownews.com/technology-science/meta-crosses-1-bn-annual-revenue-run-rate-for-reels-ads-article-93176984/amp?utm_campaign=fullarticle&utm_medium=referral&utm_source=inshorts', 'image_url': 'https://static.inshorts.com/inshorts/images/v1/variants/jpg/m/2022/07_jul/28_thu/img_1658985903788_424.jpg?', 'inshorts_url': 'https://inshorts.com/en/news/meta-crosses-$1bn-annual-revenue-run-rate-for-ads-on-reels-1658991819141', 'original_source': 'Times Now', 'day': 'Thursday'}
{'headlines': 'Oil prices rise on high gasoline demand in US, low inventories', 'text': 'With a rebound in gasoline demand in the US and an improved risk appetite among investors, oil surged by more than $1 a barrel on Thursday. Brent crude futures for September rose to $107.82 a barrel, while US WTI was at $98.70 a barrel. US crude oil stockpiles fell by 4.5 million barrels last week, according to Energy Information Administration.', 'date': Timestamp('2022-07-28 00:00:00'), 'author': 'Srishty Choudhury', 'read_more': 'https://www.reuters.com/business/energy/oil-prices-edge-up-low-inventories-high-gasoline-demand-us-2022-07-28/?utm_campaign=fullarticle&utm_medium=referral&utm_source=inshorts', 'image_url': 'https://static.inshorts.com/inshorts/images/v1/variants/jpg/m/2022/07_jul/28_thu/img_1658977365242_360.jpg?', 'inshorts_url': 'https://inshorts.com/en/news/oil-prices-rise-on-high-gasoline-demand-in-us-low-inventories-1658979761869', 'original_source': 'Reuters', 'day': 'Thursday'}
{'headlines': 'Bajaj Finance shares jump over 9% a day after Q1 results', 'text': 'Shares of Bajaj Finance increased by over 9% to ₹6,982.20 apiece in early trade on Thursday. For the quarter ended June 30, the NBFC reported its highest-ever consolidated net profit at ₹2,596 crore propelled by the income due to loan growth. The company said that its total income rose to ₹9,283 crore in Q1FY23 as against ₹6,743 crore in Q1FY22.', 'date': Timestamp('2022-07-28 00:00:00'), 'author': 'Srishty Choudhury', 'read_more': 'https://www.timesnownews.com/business-economy/markets/bajaj-finance-shares-climb-over-9-drive-sensex-rally-as-q1-profit-more-than-doubles-article-93177526/amp?utm_campaign=fullarticle&utm_medium=referral&utm_source=inshorts', 'image_url': 'https://static.inshorts.com/inshorts/images/v1/variants/jpg/m/2022/07_jul/28_thu/img_1658989748200_278.jpg?', 'inshorts_url': 'https://inshorts.com/en/news/bajaj-finance-shares-jump-over-9-a-day-after-q1-results-1658992121849', 'original_source': 'Times Now', 'day': 'Thursday'}
/home/salils/Documents/Python_n_R/Py_Projects/News_Summarization/news_scraper.py:79: GuessedAtParserWarning: No parser was explicitly specified, so I'm using the best available HTML parser for this system ("html.parser"). This usually isn't a problem, but if you run this code on another system, or in a different virtual environment, it may use a different parser and behave differently.

The code that caused this warning is on line 79 of the file /home/salils/Documents/Python_n_R/Py_Projects/News_Summarization/news_scraper.py. To get rid of this warning, pass the additional argument 'features="html.parser"' to the BeautifulSoup constructor.

  soup = BeautifulSoup(json.loads(r.text)['html'])
{'headlines': 'I-T dept raids multiple hospitals in NCR in tax evasion case: Report', 'text': 'Income Tax department has conducted search operations on the premises of multiple private hospitals in Noida, Faridabad and Gurugram for allegedly evading taxes, according to reports. Metro hospital, Accord hospital and Sarvodaya hospital are some hospitals that are being raided. A 14-15 member team was present at each hospital and was scanning transactions of the last three years.', 'date': Timestamp('2022-07-27 00:00:00'), 'author': 'Ashley Paul', 'read_more': 'https://www.freepressjournal.in/amp/india/new-delhi-income-tax-department-raids-four-hospitals-in-ncr-region-in-tax-evasion-case?utm_campaign=fullarticle&utm_medium=referral&utm_source=inshorts', 'image_url': 'https://static.inshorts.com/inshorts/images/v1/variants/jpg/m/2022/07_jul/27_wed/img_1658912794914_188.jpg?', 'inshorts_url': 'https://inshorts.com/en/news/it-dept-raids-multiple-hospitals-in-ncr-in-tax-evasion-case-report-1658915104666', 'original_source': 'Free Press Journal', 'day': 'Wednesday'}
{'headlines': 'Sensex gains 519 points, Nifty surges by 139 points', 'text': 'Benchmark indices opened on a positive note on Thursday with Sensex and Nifty surging 519.99 points and 139.80 points, respectively. The Sensex opened at 56,336.31 points and Nifty at 16,781.60. Bajaj Finserv, Bajaj Finance, IndusInd Bank, Tech Mahindra and SBI were among the major Nifty gainers, while Tata Motors, Sun Pharma, Dr. Reddys Labs, UltraTech Cement slipped.', 'date': Timestamp('2022-07-28 00:00:00'), 'author': 'Srishty Choudhury', 'read_more': 'https://www.moneycontrol.com/news/business/markets/share-market-live-updates-stock-market-today-july-28-latest-news-bse-nse-sensex-nifty-covid-coronavirus-dr-reddys-laboratories-nestle-sbi-life-shree-cement-tata-motors-welspun-india-biocon-exide-8902781.html/amp?utm_campaign=fullarticle&utm_medium=referral&utm_source=inshorts', 'image_url': 'https://static.inshorts.com/inshorts/images/v1/variants/jpg/m/2022/07_jul/28_thu/img_1658981710529_890.jpg?', 'inshorts_url': 'https://inshorts.com/en/news/sensex-gains-519-points-nifty-surges-by-139-points-1658983854293', 'original_source': 'Moneycontrol', 'day': 'Thursday'}
{'headlines': "Tata Motors' consolidated net loss widens to ₹5,007 cr in Q1", 'text': 'Tata Motors reported a consolidated net loss of ₹5,007 crore in the quarter ended June 2022, the company said in a regulatory filing on Wednesday. The auto major had posted a consolidated net loss of ₹4,451 crore in the corresponding period last fiscal. "We expect demand to remain strong despite worries on inflation and geo-political risks," Tata Motors said.', 'date': Timestamp('2022-07-27 00:00:00'), 'author': 'Srishty Choudhury', 'read_more': 'https://www.moneycontrol.com/news/business/earnings/tata-motors-q1-losses-widen-to-rs-5006-crore-8899131.html/amp?utm_campaign=fullarticle&utm_medium=referral&utm_source=inshorts', 'image_url': 'https://static.inshorts.com/inshorts/images/v1/variants/jpg/m/2022/07_jul/27_wed/img_1658926933645_410.jpg?', 'inshorts_url': 'https://inshorts.com/en/news/tata-motors-consolidated-net-loss-widens-to-₹5007-cr-in-q1-1658936789999', 'original_source': 'Moneycontrol', 'day': 'Wednesday'}
{'headlines': "BPCL's $1.6-bn investment plan in Brazil gets Cabinet's approval", 'text': "The Union Cabinet on Wednesday approved an additional investment of $1.6 billion by state-owned Bharat Petroleum Corporation Limited (BPCL) in a Brazilian oil block. The investment will be made by Bharat PetroResources Ltd (BPRL), BPCL's wholly-owned subsidiary, for developing the BM-SEAL-11 Concession Project in Brazil. BPRL has a 40% stake in the block, while Brazil's Petrobras operates at 60%.", 'date': Timestamp('2022-07-27 00:00:00'), 'author': 'Srishty Choudhury', 'read_more': 'https://www.reuters.com/world/india/india-allows-bharat-petroresources-invest-extra-16-bln-brazil-oil-project-2022-07-27/?utm_campaign=fullarticle&utm_medium=referral&utm_source=inshorts', 'image_url': 'https://static.inshorts.com/inshorts/images/v1/variants/jpg/m/2022/07_jul/27_wed/img_1658929742679_213.jpg?', 'inshorts_url': 'https://inshorts.com/en/news/bpcls-$16bn-investment-plan-in-brazil-gets-cabinets-approval-1658937147240', 'original_source': 'Reuters', 'day': 'Wednesday'}
1 0 gjiij9fm-1
grhlcsgw-1
2 26 grhlcsgw-1
hcwhlnjy-1
3 52 hcwhlnjy-1
adbs9if0-1
4 78 adbs9if0-1
3qbe2fwk-1
5 105 3qbe2fwk-1
mm4ekgck-1
6 132 mm4ekgck-1
un3zjijg-1
7 159 un3zjijg-1
mphxne1e-1
8 186 mphxne1e-1
zgfllwqn-1
9 212 zgfllwqn-1
i3xnabra-1
10 239 i3xnabra-1
4v2lorgz-1
11 265 4v2lorgz-1
d1nt1orq-1
12 292 d1nt1orq-1
w9nibgf2-1
13 319 w9nibgf2-1
ldxzkigi-1
14 346 ldxzkigi-1
7jogcypa-1
15 373 7jogcypa-1
p5fkycaa-1
16 400 p5fkycaa-1
o45m3mzm-1
17 427 o45m3mzm-1
gtkjsxya-1
18 454 gtkjsxya-1
k2nbmruh-1
19 481 k2nbmruh-1
hk3m7p7t-1
20 508 hk3m7p7t-1
aufo2lxm-1
21 533 aufo2lxm-1
itodcwf8-1
22 560 itodcwf8-1
pzzyecjh-1
23 586 pzzyecjh-1
eb3de6de-1
24 613 eb3de6de-1
voixrtai-1
25 638 voixrtai-1
cchybtzv-1
26 665 cchybtzv-1
o8tww571-1
27 691 o8tww571-1
njyeim34-1
28 718 njyeim34-1
axrnwkau-1
29 744 axrnwkau-1
fsaem3uy-1
30 770 fsaem3uy-1
rynmtksf-1
31 797 rynmtksf-1
avxuvpya-1
32 824 avxuvpya-1
kccnkmv2-1
33 851 kccnkmv2-1
m9hfjbur-1
34 876 m9hfjbur-1
qfmkrrxi-1
35 903 qfmkrrxi-1
doizejwu-1
36 929 doizejwu-1
rmxmimta-1
37 956 rmxmimta-1
l3lohtnx-1
38 983 l3lohtnx-1
3u2suf3p-1
39 1010 3u2suf3p-1
okmmtkxe-1
40 1037 okmmtkxe-1
ejaydss3-1
41 1064 ejaydss3-1
7opgzgqr-1
42 1091 7opgzgqr-1
ryvl9pwh-1
43 1118 ryvl9pwh-1
kocbfzki-1
44 1145 kocbfzki-1
dln6hsq4-1
45 1172 dln6hsq4-1
gfyo2opi-1
46 1199 gfyo2opi-1
ozwtfydi-1
47 1226 ozwtfydi-1
guiqr354-1
48 1253 guiqr354-1
ilfnardi-1
49 1280 ilfnardi-1
h3bbraai-1
50 1307 h3bbraai-1
2fcmcdt4-1
51 1334 2fcmcdt4-1
rfmrj4k8-1
52 1361 rfmrj4k8-1
hob645mj-1
53 1388 hob645mj-1
g9m1fphv-1
54 1415 g9m1fphv-1
vq7mslr8-1
55 1442 vq7mslr8-1
uqxyjbjl-1
56 1469 uqxyjbjl-1
fupiv6sf-1
57 1496 fupiv6sf-1
kd76itfm-1
58 1522 kd76itfm-1
6libqd89-1
59 1549 6libqd89-1
rywcbspj-1
60 1576 rywcbspj-1
ezcejb6q-1
61 1603 ezcejb6q-1
tkqodhtb-1
62 1630 tkqodhtb-1
pt07gpiz-1
63 1657 pt07gpiz-1
rtre4tyu-1
64 1684 rtre4tyu-1
sbyz7oa4-1
65 1710 sbyz7oa4-1
13iu8a10-1
66 1737 13iu8a10-1
pi08fbwm-1
67 1764 pi08fbwm-1
xnbchivz-1
68 1790 xnbchivz-1
295cfsi0-1
69 1817 295cfsi0-1
q3fzqlub-1
70 1844 q3fzqlub-1
xywj3b10-1
71 1871 xywj3b10-1
s2lbmipx-1
72 1898 s2lbmipx-1
hrhxx8io-1
73 1925 hrhxx8io-1
fvhsnjca-1
74 1952 fvhsnjca-1
rm3i9dlo-1
75 1979 rm3i9dlo-1
2jhngslq-1
76 2005 2jhngslq-1
dykpohv3-1
77 2032 dykpohv3-1
2litoqdc-1
78 2059 2litoqdc-1
5r9kgx9t-1
79 2086 5r9kgx9t-1
mm1dpeqe-1
80 2113 mm1dpeqe-1
zrxzrige-1
81 2140 zrxzrige-1
hxckaftx-1
82 2167 hxckaftx-1
kzmsm9ok-1
83 2194 kzmsm9ok-1
lbpihlpx-1
84 2221 lbpihlpx-1
pwdrp4eg-1
85 2248 pwdrp4eg-1
wdqtyorq-1
86 2275 wdqtyorq-1
jvaxx6ib-1
87 2302 jvaxx6ib-1
8jr2amjv-1
88 2329 8jr2amjv-1
qbbkkomz-1
89 2356 qbbkkomz-1
64wck457-1
90 2383 64wck457-1
kn1rzjlj-1
91 2410 kn1rzjlj-1
hluu6ndy-1
92 2437 hluu6ndy-1
18kjrege-1
93 2464 18kjrege-1
e26kqqky-1
94 2491 e26kqqky-1
rir8cxup-1
95 2518 rir8cxup-1
ulufse6x-1
96 2545 ulufse6x-1
g0ju1s1r-1
97 2572 g0ju1s1r-1
l_itnswydk
98 2599 l_itnswydk
i6d3cs6x-1
99 2626 i6d3cs6x-1
toqlf9eo-1
100 2653 toqlf9eo-1
acja5pvr-1
101 2680 acja5pvr-1
duyu8v9i-1
102 2707 duyu8v9i-1
npddr7gt-1
103 2734 npddr7gt-1
baoamvph-1
104 2761 baoamvph-1
bxd6lban-1
105 2788 bxd6lban-1
smcsl2zk-1
106 2815 smcsl2zk-1
n3g5jyr1-1
107 2842 n3g5jyr1-1
a8rkne0r-1
108 2867 a8rkne0r-1
nmt2nn6o-1
109 2893 nmt2nn6o-1
l_reyxiu1s
110 2920 l_reyxiu1s
l_n0urkrfh
111 2947 l_n0urkrfh
iawdargy-1
112 2974 iawdargy-1
zgtumtjk-1
113 3001 zgtumtjk-1
0bs1aatd-1
114 3027 0bs1aatd-1
tjrzdbz1-1
115 3054 tjrzdbz1-1
ps4j58to-1
116 3081 ps4j58to-1
u5e08xb2-1
117 3108 u5e08xb2-1
6dcayv95-1
118 3135 6dcayv95-1
mabe0zxn-1
119 3161 mabe0zxn-1
skh0p756-1
120 3188 skh0p756-1
vzrue5hp-1
121 3215 vzrue5hp-1
pgen403v-1
122 3242 pgen403v-1
UBLIC "-//
Skipping
123 3242 UBLIC "-//

124 3242 
pnhswlhx-1
125 3267 pnhswlhx-1
gjiij9fm-1
126 3294 gjiij9fm-1
grhlcsgw-1
127 3294 grhlcsgw-1
hcwhlnjy-1
128 3294 hcwhlnjy-1
adbs9if0-1
129 3294 adbs9if0-1
3qbe2fwk-1
130 3294 3qbe2fwk-1
mm4ekgck-1
131 3294 mm4ekgck-1
un3zjijg-1
132 3294 un3zjijg-1
mphxne1e-1
133 3294 mphxne1e-1
zgfllwqn-1
134 3294 zgfllwqn-1
i3xnabra-1
135 3294 i3xnabra-1
4v2lorgz-1
136 3294 4v2lorgz-1
d1nt1orq-1
137 3294 d1nt1orq-1
w9nibgf2-1
138 3294 w9nibgf2-1
ldxzkigi-1
139 3294 ldxzkigi-1
7jogcypa-1
140 3294 7jogcypa-1
p5fkycaa-1
141 3294 p5fkycaa-1
o45m3mzm-1
142 3294 o45m3mzm-1
gtkjsxya-1
143 3294 gtkjsxya-1
k2nbmruh-1
144 3294 k2nbmruh-1
hk3m7p7t-1
145 3294 hk3m7p7t-1
aufo2lxm-1
146 3294 aufo2lxm-1
itodcwf8-1
147 3294 itodcwf8-1
pzzyecjh-1
148 3294 pzzyecjh-1
eb3de6de-1
149 3294 eb3de6de-1
voixrtai-1
150 3294 voixrtai-1
cchybtzv-1
151 3294 cchybtzv-1
o8tww571-1
152 3294 o8tww571-1
njyeim34-1
153 3294 njyeim34-1
axrnwkau-1
154 3294 axrnwkau-1
fsaem3uy-1
155 3294 fsaem3uy-1
rynmtksf-1
156 3294 rynmtksf-1
avxuvpya-1
157 3294 avxuvpya-1
kccnkmv2-1
158 3294 kccnkmv2-1
m9hfjbur-1
159 3294 m9hfjbur-1
qfmkrrxi-1
160 3294 qfmkrrxi-1
doizejwu-1
161 3294 doizejwu-1
rmxmimta-1
162 3294 rmxmimta-1
l3lohtnx-1
163 3294 l3lohtnx-1
3u2suf3p-1
164 3294 3u2suf3p-1
okmmtkxe-1
165 3294 okmmtkxe-1
ejaydss3-1
166 3294 ejaydss3-1
7opgzgqr-1
167 3294 7opgzgqr-1
ryvl9pwh-1
168 3294 ryvl9pwh-1
kocbfzki-1
169 3294 kocbfzki-1
dln6hsq4-1
170 3294 dln6hsq4-1
gfyo2opi-1
171 3294 gfyo2opi-1
ozwtfydi-1
172 3294 ozwtfydi-1
guiqr354-1
173 3294 guiqr354-1
ilfnardi-1
174 3294 ilfnardi-1
h3bbraai-1
175 3294 h3bbraai-1
2fcmcdt4-1
176 3294 2fcmcdt4-1
rfmrj4k8-1
177 3294 rfmrj4k8-1
hob645mj-1
178 3294 hob645mj-1
g9m1fphv-1
179 3294 g9m1fphv-1
vq7mslr8-1
180 3294 vq7mslr8-1
uqxyjbjl-1
181 3294 uqxyjbjl-1
fupiv6sf-1
182 3294 fupiv6sf-1
kd76itfm-1
183 3294 kd76itfm-1
6libqd89-1
184 3294 6libqd89-1
rywcbspj-1
185 3294 rywcbspj-1
ezcejb6q-1
186 3294 ezcejb6q-1
tkqodhtb-1
187 3294 tkqodhtb-1
pt07gpiz-1
188 3294 pt07gpiz-1
rtre4tyu-1
189 3294 rtre4tyu-1
sbyz7oa4-1
190 3294 sbyz7oa4-1
13iu8a10-1
191 3294 13iu8a10-1
pi08fbwm-1
192 3294 pi08fbwm-1
xnbchivz-1
193 3294 xnbchivz-1
295cfsi0-1
194 3294 295cfsi0-1
q3fzqlub-1
195 3294 q3fzqlub-1
xywj3b10-1
196 3294 xywj3b10-1
s2lbmipx-1
197 3294 s2lbmipx-1
hrhxx8io-1
198 3294 hrhxx8io-1
fvhsnjca-1
199 3294 fvhsnjca-1
rm3i9dlo-1
200 3294 rm3i9dlo-1
2jhngslq-1
201 3294 2jhngslq-1
dykpohv3-1
202 3294 dykpohv3-1
2litoqdc-1
203 3294 2litoqdc-1
5r9kgx9t-1
204 3294 5r9kgx9t-1
mm1dpeqe-1
205 3294 mm1dpeqe-1
zrxzrige-1
206 3294 zrxzrige-1
hxckaftx-1
207 3294 hxckaftx-1
kzmsm9ok-1
208 3294 kzmsm9ok-1
lbpihlpx-1
209 3294 lbpihlpx-1
pwdrp4eg-1
210 3294 pwdrp4eg-1
wdqtyorq-1
211 3294 wdqtyorq-1
jvaxx6ib-1
212 3294 jvaxx6ib-1
8jr2amjv-1
213 3294 8jr2amjv-1
qbbkkomz-1
214 3294 qbbkkomz-1
64wck457-1
215 3294 64wck457-1
kn1rzjlj-1
216 3294 kn1rzjlj-1
hluu6ndy-1
217 3294 hluu6ndy-1
18kjrege-1
218 3294 18kjrege-1
e26kqqky-1
219 3294 e26kqqky-1
rir8cxup-1
220 3294 rir8cxup-1
ulufse6x-1
221 3294 ulufse6x-1
g0ju1s1r-1
222 3294 g0ju1s1r-1
l_itnswydk
223 3294 l_itnswydk
i6d3cs6x-1
224 3294 i6d3cs6x-1
toqlf9eo-1
225 3294 toqlf9eo-1
acja5pvr-1
226 3294 acja5pvr-1
duyu8v9i-1
227 3294 duyu8v9i-1
npddr7gt-1
228 3294 npddr7gt-1
baoamvph-1
229 3294 baoamvph-1
bxd6lban-1
230 3294 bxd6lban-1
smcsl2zk-1
231 3294 smcsl2zk-1
n3g5jyr1-1
232 3294 n3g5jyr1-1
a8rkne0r-1
233 3294 a8rkne0r-1
nmt2nn6o-1
234 3294 nmt2nn6o-1
l_reyxiu1s
235 3294 l_reyxiu1s
l_n0urkrfh
236 3294 l_n0urkrfh
iawdargy-1
237 3294 iawdargy-1
zgtumtjk-1
238 3294 zgtumtjk-1
0bs1aatd-1
239 3294 0bs1aatd-1
tjrzdbz1-1
240 3294 tjrzdbz1-1
ps4j58to-1
241 3294 ps4j58to-1
u5e08xb2-1
242 3294 u5e08xb2-1
6dcayv95-1
243 3294 6dcayv95-1
mabe0zxn-1
244 3294 mabe0zxn-1
skh0p756-1
245 3294 skh0p756-1
vzrue5hp-1
246 3294 vzrue5hp-1
pgen403v-1
247 3294 pgen403v-1
oqhsqqbo-1
248 3321 oqhsqqbo-1
x9zibhqg-1
249 3348 x9zibhqg-1
1qfliyll-1
250 3374 1qfliyll-1
q3h3llkn-1
251 3401 q3h3llkn-1
02vooyei-1
252 3428 02vooyei-1
bpgph1v5-1
253 3454 bpgph1v5-1
e1kx5z81-1
254 3481 e1kx5z81-1
8vkf4opk-1
255 3508 8vkf4opk-1
rq8vambq-1
256 3535 rq8vambq-1
f7q79rbk-1
257 3562 f7q79rbk-1
uw1zji3x-1
258 3589 uw1zji3x-1
ayohpsuy-1
259 3615 ayohpsuy-1
lbefxq19-1
260 3642 lbefxq19-1
3lmm5ewx-1
261 3669 3lmm5ewx-1
wysveaup-1
262 3696 wysveaup-1
rqtc4704-1
263 3722 rqtc4704-1
pbzz1eaf-1
264 3749 pbzz1eaf-1
yc46ffns-1
265 3776 yc46ffns-1
zdvc7flp-1
266 3803 zdvc7flp-1
itwclybw-1
267 3830 itwclybw-1
xfj16wz4-1
268 3857 xfj16wz4-1
vptovc1f-1
269 3884 vptovc1f-1
bvsf8j2p-1
270 3911 bvsf8j2p-1
l2y14qdd-1
271 3938 l2y14qdd-1
dhjgcnyg-1
272 3964 dhjgcnyg-1
tj4cghyi-1
273 3991 tj4cghyi-1
deytg0he-1
274 4018 deytg0he-1
5rtmtuef-1
275 4044 5rtmtuef-1
zgjhc0nt-1
276 4070 zgjhc0nt-1
4jrh5zlu-1
277 4097 4jrh5zlu-1
hihp9duc-1
278 4124 hihp9duc-1
pi1c9no5-1
279 4151 pi1c9no5-1
4dpjqj8s-1
280 4178 4dpjqj8s-1
2nvxdjzy-1
281 4203 2nvxdjzy-1
ie9wjb7q-1
282 4230 ie9wjb7q-1
ak3k9xxp-1
283 4257 ak3k9xxp-1
si4zvklt-1
284 4284 si4zvklt-1
lifuiqad-1
285 4310 lifuiqad-1
gakxipnq-1
286 4337 gakxipnq-1
sgrfr6kd-1
287 4363 sgrfr6kd-1
o9rvqi9a-1
288 4390 o9rvqi9a-1
ho6kiqxa-1
289 4417 ho6kiqxa-1
7ldizukj-1
290 4444 7ldizukj-1
yx9z8ic4-1
291 4471 yx9z8ic4-1
6vhq3eon-1
292 4498 6vhq3eon-1
okqnkwuh-1
293 4524 okqnkwuh-1
nkvudgnv-1
294 4550 nkvudgnv-1
auzueprx-1
295 4577 auzueprx-1
parplhhg-1
296 4604 parplhhg-1
bqcn0hfe-1
297 4631 bqcn0hfe-1
qljwrw8r-1
298 4658 qljwrw8r-1
edvumywh-1
299 4685 edvumywh-1
bqgslv5b-1
300 4712 bqgslv5b-1
ighgisba-1
301 4739 ighgisba-1
eaxtcijm-1
302 4766 eaxtcijm-1
uxlvw2ru-1
303 4793 uxlvw2ru-1
efl9zbxi-1
304 4820 efl9zbxi-1
3tytcepq-1
305 4847 3tytcepq-1
hhlc2lb3-1
306 4873 hhlc2lb3-1
glbdfjok-1
307 4900 glbdfjok-1
bfjocohf-1
308 4927 bfjocohf-1
xwaq4jhr-1
309 4953 xwaq4jhr-1
mmsmrmz3-1
310 4980 mmsmrmz3-1
qmnxzdbe-1
311 5007 qmnxzdbe-1
65s1uiij-1
312 5034 65s1uiij-1
tt55sahu-1
313 5061 tt55sahu-1
q2v53o1r-1
314 5088 q2v53o1r-1
1qe7l3ab-1
315 5115 1qe7l3ab-1
jst0n9bq-1
316 5142 jst0n9bq-1
0giwchz8-1
317 5169 0giwchz8-1
u4vahwem-1
318 5196 u4vahwem-1
hzlif1f3-1
319 5223 hzlif1f3-1
xfzqkovr-1
320 5250 xfzqkovr-1
9kivhnad-1
321 5277 9kivhnad-1
26wns3s6-1
322 5304 26wns3s6-1
jhooucot-1
323 5331 jhooucot-1
bpgyfqci-1
324 5358 bpgyfqci-1
iiigyef7-1
325 5385 iiigyef7-1
oivpgyvg-1
326 5412 oivpgyvg-1
o86inzxh-1
327 5439 o86inzxh-1
tenjbwjd-1
328 5466 tenjbwjd-1
x1ssabpf-1
329 5493 x1ssabpf-1
l7lynvw2-1
330 5520 l7lynvw2-1
eiwivqxy-1
331 5547 eiwivqxy-1
a4fnzgeq-1
332 5574 a4fnzgeq-1
shnjuvkf-1
333 5600 shnjuvkf-1
gj9ro0l2-1
334 5627 gj9ro0l2-1
8xpglk9l-1
335 5654 8xpglk9l-1
g64ynrah-1
336 5681 g64ynrah-1
lrpcn9nh-1
337 5708 lrpcn9nh-1
ve7siaej-1
338 5734 ve7siaej-1
otr4evxx-1
339 5761 otr4evxx-1
ux5twcpj-1
340 5788 ux5twcpj-1
plvngf2l-1
341 5815 plvngf2l-1
aozmuzkh-1
342 5842 aozmuzkh-1
0xunzwy5-1
343 5869 0xunzwy5-1
0pnxix1q-1
344 5895 0pnxix1q-1
qlnq1rzg-1
345 5921 qlnq1rzg-1
xfuceurv-1
346 5948 xfuceurv-1
cdxr3enx-1
347 5975 cdxr3enx-1
hp692l8h-1
348 6002 hp692l8h-1
853qxpbn-1
349 6029 853qxpbn-1
erpebifu-1
350 6055 erpebifu-1
1aosfxzl-1
351 6082 1aosfxzl-1
07yifmbe-1
352 6109 07yifmbe-1
hca5andh-1
353 6135 hca5andh-1
UBLIC "-//
Skipping
354 6135 UBLIC "-//

355 6135 
pnhswlhx-1
356 6135 pnhswlhx-1
gjiij9fm-1
357 6135 gjiij9fm-1
UBLIC "-//
Skipping
358 6135 UBLIC "-//

359 6135 
UBLIC "-//
Skipping
360 6135 UBLIC "-//

361 6135 
pnhswlhx-1
362 6135 pnhswlhx-1
gjiij9fm-1
363 6135 gjiij9fm-1
grhlcsgw-1
364 6135 grhlcsgw-1
hcwhlnjy-1
365 6135 hcwhlnjy-1
UBLIC "-//
Skipping
366 6135 UBLIC "-//

367 6135 
pnhswlhx-1
368 6135 pnhswlhx-1
gjiij9fm-1
369 6135 gjiij9fm-1
grhlcsgw-1
370 6135 grhlcsgw-1
hcwhlnjy-1
371 6135 hcwhlnjy-1
adbs9if0-1
372 6135 adbs9if0-1
3qbe2fwk-1
373 6135 3qbe2fwk-1
mm4ekgck-1
374 6135 mm4ekgck-1
un3zjijg-1
375 6135 un3zjijg-1
mphxne1e-1
376 6135 mphxne1e-1
zgfllwqn-1
377 6135 zgfllwqn-1
i3xnabra-1
378 6135 i3xnabra-1
4v2lorgz-1
379 6135 4v2lorgz-1
d1nt1orq-1
380 6135 d1nt1orq-1
w9nibgf2-1
381 6135 w9nibgf2-1
ldxzkigi-1
382 6135 ldxzkigi-1
7jogcypa-1
383 6135 7jogcypa-1
p5fkycaa-1
384 6135 p5fkycaa-1
o45m3mzm-1
385 6135 o45m3mzm-1
gtkjsxya-1
386 6135 gtkjsxya-1
k2nbmruh-1
387 6135 k2nbmruh-1
hk3m7p7t-1
388 6135 hk3m7p7t-1
aufo2lxm-1
389 6135 aufo2lxm-1
itodcwf8-1
390 6135 itodcwf8-1
pzzyecjh-1
391 6135 pzzyecjh-1
eb3de6de-1
392 6135 eb3de6de-1
voixrtai-1
393 6135 voixrtai-1
cchybtzv-1
394 6135 cchybtzv-1
o8tww571-1
395 6135 o8tww571-1
njyeim34-1
396 6135 njyeim34-1
axrnwkau-1
397 6135 axrnwkau-1
fsaem3uy-1
398 6135 fsaem3uy-1
rynmtksf-1
399 6135 rynmtksf-1
avxuvpya-1
400 6135 avxuvpya-1
kccnkmv2-1
401 6135 kccnkmv2-1
m9hfjbur-1
402 6135 m9hfjbur-1
qfmkrrxi-1
403 6135 qfmkrrxi-1
doizejwu-1
404 6135 doizejwu-1
rmxmimta-1
405 6135 rmxmimta-1
l3lohtnx-1
406 6135 l3lohtnx-1
3u2suf3p-1
407 6135 3u2suf3p-1
okmmtkxe-1
408 6135 okmmtkxe-1
ejaydss3-1
409 6135 ejaydss3-1
7opgzgqr-1
410 6135 7opgzgqr-1
ryvl9pwh-1
411 6135 ryvl9pwh-1
kocbfzki-1
412 6135 kocbfzki-1
dln6hsq4-1
413 6135 dln6hsq4-1
gfyo2opi-1
414 6135 gfyo2opi-1
ozwtfydi-1
415 6135 ozwtfydi-1
guiqr354-1
416 6135 guiqr354-1
ilfnardi-1
417 6135 ilfnardi-1
h3bbraai-1
418 6135 h3bbraai-1
2fcmcdt4-1
419 6135 2fcmcdt4-1
rfmrj4k8-1
420 6135 rfmrj4k8-1
hob645mj-1
421 6135 hob645mj-1
g9m1fphv-1
422 6135 g9m1fphv-1
vq7mslr8-1
423 6135 vq7mslr8-1
uqxyjbjl-1
424 6135 uqxyjbjl-1
UBLIC "-//
Skipping
425 6135 UBLIC "-//

426 6135 
pnhswlhx-1
427 6135 pnhswlhx-1
gjiij9fm-1
428 6135 gjiij9fm-1
grhlcsgw-1
429 6135 grhlcsgw-1
hcwhlnjy-1
430 6135 hcwhlnjy-1
adbs9if0-1
431 6135 adbs9if0-1
3qbe2fwk-1
432 6135 3qbe2fwk-1
mm4ekgck-1
433 6135 mm4ekgck-1
un3zjijg-1
434 6135 un3zjijg-1
mphxne1e-1
435 6135 mphxne1e-1
zgfllwqn-1
436 6135 zgfllwqn-1
i3xnabra-1
437 6135 i3xnabra-1
UBLIC "-//
Skipping
438 6135 UBLIC "-//

439 6135 
pnhswlhx-1
440 6135 pnhswlhx-1
gjiij9fm-1
441 6135 gjiij9fm-1
grhlcsgw-1
442 6135 grhlcsgw-1
hcwhlnjy-1
443 6135 hcwhlnjy-1
adbs9if0-1
444 6135 adbs9if0-1
3qbe2fwk-1
445 6135 3qbe2fwk-1
mm4ekgck-1
446 6135 mm4ekgck-1
un3zjijg-1
447 6135 un3zjijg-1
mphxne1e-1
448 6135 mphxne1e-1
zgfllwqn-1
449 6135 zgfllwqn-1
i3xnabra-1
450 6135 i3xnabra-1
4v2lorgz-1
451 6135 4v2lorgz-1
d1nt1orq-1
452 6135 d1nt1orq-1
w9nibgf2-1
453 6135 w9nibgf2-1
ldxzkigi-1
454 6135 ldxzkigi-1
7jogcypa-1
455 6135 7jogcypa-1
p5fkycaa-1
456 6135 p5fkycaa-1
o45m3mzm-1
457 6135 o45m3mzm-1
gtkjsxya-1
458 6135 gtkjsxya-1
k2nbmruh-1
459 6135 k2nbmruh-1
hk3m7p7t-1
460 6135 hk3m7p7t-1
aufo2lxm-1
461 6135 aufo2lxm-1
itodcwf8-1
462 6135 itodcwf8-1
pzzyecjh-1
463 6135 pzzyecjh-1
eb3de6de-1
464 6135 eb3de6de-1
voixrtai-1
465 6135 voixrtai-1
cchybtzv-1
466 6135 cchybtzv-1
o8tww571-1
467 6135 o8tww571-1
njyeim34-1
468 6135 njyeim34-1
axrnwkau-1
469 6135 axrnwkau-1
fsaem3uy-1
470 6135 fsaem3uy-1
rynmtksf-1
471 6135 rynmtksf-1
avxuvpya-1
472 6135 avxuvpya-1
kccnkmv2-1
473 6135 kccnkmv2-1
m9hfjbur-1
474 6135 m9hfjbur-1
qfmkrrxi-1
475 6135 qfmkrrxi-1
doizejwu-1
476 6135 doizejwu-1
rmxmimta-1
477 6135 rmxmimta-1
l3lohtnx-1
478 6135 l3lohtnx-1
3u2suf3p-1
479 6135 3u2suf3p-1
okmmtkxe-1
480 6135 okmmtkxe-1
ejaydss3-1
481 6135 ejaydss3-1
7opgzgqr-1
482 6135 7opgzgqr-1
ryvl9pwh-1
483 6135 ryvl9pwh-1
kocbfzki-1
484 6135 kocbfzki-1
dln6hsq4-1
485 6135 dln6hsq4-1
gfyo2opi-1
486 6135 gfyo2opi-1
ozwtfydi-1
487 6135 ozwtfydi-1
guiqr354-1
488 6135 guiqr354-1
ilfnardi-1
489 6135 ilfnardi-1
h3bbraai-1
490 6135 h3bbraai-1
2fcmcdt4-1
491 6135 2fcmcdt4-1
rfmrj4k8-1
492 6135 rfmrj4k8-1
hob645mj-1
493 6135 hob645mj-1
UBLIC "-//
Skipping
494 6135 UBLIC "-//

495 6135 
pnhswlhx-1
496 6135 pnhswlhx-1
gjiij9fm-1
497 6135 gjiij9fm-1
grhlcsgw-1
498 6135 grhlcsgw-1
hcwhlnjy-1
499 6135 hcwhlnjy-1
adbs9if0-1
500 6135 adbs9if0-1
3qbe2fwk-1
501 6135 3qbe2fwk-1
mm4ekgck-1
502 6135 mm4ekgck-1
un3zjijg-1
503 6135 un3zjijg-1
mphxne1e-1
504 6135 mphxne1e-1
zgfllwqn-1
505 6135 zgfllwqn-1
i3xnabra-1
506 6135 i3xnabra-1
4v2lorgz-1
507 6135 4v2lorgz-1
d1nt1orq-1
508 6135 d1nt1orq-1
w9nibgf2-1
509 6135 w9nibgf2-1
ldxzkigi-1
510 6135 ldxzkigi-1
7jogcypa-1
511 6135 7jogcypa-1
p5fkycaa-1
512 6135 p5fkycaa-1
o45m3mzm-1
513 6135 o45m3mzm-1
gtkjsxya-1
514 6135 gtkjsxya-1
k2nbmruh-1
515 6135 k2nbmruh-1
hk3m7p7t-1
516 6135 hk3m7p7t-1
aufo2lxm-1
517 6135 aufo2lxm-1
itodcwf8-1
518 6135 itodcwf8-1
pzzyecjh-1
519 6135 pzzyecjh-1
eb3de6de-1
520 6135 eb3de6de-1
voixrtai-1
521 6135 voixrtai-1
cchybtzv-1
522 6135 cchybtzv-1
o8tww571-1
523 6135 o8tww571-1
njyeim34-1
524 6135 njyeim34-1
axrnwkau-1
525 6135 axrnwkau-1
fsaem3uy-1
526 6135 fsaem3uy-1
rynmtksf-1
527 6135 rynmtksf-1
avxuvpya-1
528 6135 avxuvpya-1
kccnkmv2-1
529 6135 kccnkmv2-1
m9hfjbur-1
530 6135 m9hfjbur-1
qfmkrrxi-1
531 6135 qfmkrrxi-1
doizejwu-1
532 6135 doizejwu-1
rmxmimta-1
533 6135 rmxmimta-1
l3lohtnx-1
534 6135 l3lohtnx-1
3u2suf3p-1
535 6135 3u2suf3p-1
okmmtkxe-1
536 6135 okmmtkxe-1
ejaydss3-1
537 6135 ejaydss3-1
7opgzgqr-1
538 6135 7opgzgqr-1
ryvl9pwh-1
539 6135 ryvl9pwh-1
kocbfzki-1
540 6135 kocbfzki-1
dln6hsq4-1
541 6135 dln6hsq4-1
gfyo2opi-1
542 6135 gfyo2opi-1
ozwtfydi-1
543 6135 ozwtfydi-1
guiqr354-1
544 6135 guiqr354-1
ilfnardi-1
545 6135 ilfnardi-1
h3bbraai-1
546 6135 h3bbraai-1
2fcmcdt4-1
547 6135 2fcmcdt4-1
rfmrj4k8-1
548 6135 rfmrj4k8-1
hob645mj-1
549 6135 hob645mj-1
g9m1fphv-1
550 6135 g9m1fphv-1
vq7mslr8-1
551 6135 vq7mslr8-1
uqxyjbjl-1
552 6135 uqxyjbjl-1
fupiv6sf-1
553 6135 fupiv6sf-1
kd76itfm-1
554 6135 kd76itfm-1
6libqd89-1
555 6135 6libqd89-1
rywcbspj-1
556 6135 rywcbspj-1
ezcejb6q-1
557 6135 ezcejb6q-1
tkqodhtb-1
558 6135 tkqodhtb-1
pt07gpiz-1
559 6135 pt07gpiz-1
rtre4tyu-1
560 6135 rtre4tyu-1
sbyz7oa4-1
561 6135 sbyz7oa4-1
13iu8a10-1
562 6135 13iu8a10-1
pi08fbwm-1
563 6135 pi08fbwm-1
xnbchivz-1
564 6135 xnbchivz-1
295cfsi0-1
565 6135 295cfsi0-1
q3fzqlub-1
566 6135 q3fzqlub-1
xywj3b10-1
567 6135 xywj3b10-1
s2lbmipx-1
568 6135 s2lbmipx-1
hrhxx8io-1
569 6135 hrhxx8io-1
fvhsnjca-1
570 6135 fvhsnjca-1
rm3i9dlo-1
571 6135 rm3i9dlo-1
2jhngslq-1
572 6135 2jhngslq-1
dykpohv3-1
573 6135 dykpohv3-1
2litoqdc-1
574 6135 2litoqdc-1
5r9kgx9t-1
575 6135 5r9kgx9t-1
mm1dpeqe-1
576 6135 mm1dpeqe-1
zrxzrige-1
577 6135 zrxzrige-1
hxckaftx-1
578 6135 hxckaftx-1
kzmsm9ok-1
579 6135 kzmsm9ok-1
lbpihlpx-1
580 6135 lbpihlpx-1
pwdrp4eg-1
581 6135 pwdrp4eg-1
wdqtyorq-1
582 6135 wdqtyorq-1
jvaxx6ib-1
583 6135 jvaxx6ib-1
8jr2amjv-1
584 6135 8jr2amjv-1
qbbkkomz-1
585 6135 qbbkkomz-1
64wck457-1
586 6135 64wck457-1
kn1rzjlj-1
587 6135 kn1rzjlj-1
hluu6ndy-1
588 6135 hluu6ndy-1
18kjrege-1
589 6135 18kjrege-1
e26kqqky-1
590 6135 e26kqqky-1
rir8cxup-1
591 6135 rir8cxup-1
ulufse6x-1
592 6135 ulufse6x-1
g0ju1s1r-1
593 6135 g0ju1s1r-1
l_itnswydk
594 6135 l_itnswydk
i6d3cs6x-1
595 6135 i6d3cs6x-1
toqlf9eo-1
596 6135 toqlf9eo-1
acja5pvr-1
597 6135 acja5pvr-1
duyu8v9i-1
598 6135 duyu8v9i-1
npddr7gt-1
599 6135 npddr7gt-1
baoamvph-1
600 6135 baoamvph-1
bxd6lban-1
601 6135 bxd6lban-1
smcsl2zk-1
602 6135 smcsl2zk-1
n3g5jyr1-1
603 6135 n3g5jyr1-1
a8rkne0r-1
604 6135 a8rkne0r-1
nmt2nn6o-1
605 6135 nmt2nn6o-1
l_reyxiu1s
606 6135 l_reyxiu1s
l_n0urkrfh
607 6135 l_n0urkrfh
iawdargy-1
608 6135 iawdargy-1
zgtumtjk-1
609 6135 zgtumtjk-1
0bs1aatd-1
610 6135 0bs1aatd-1
tjrzdbz1-1
611 6135 tjrzdbz1-1
ps4j58to-1
612 6135 ps4j58to-1
u5e08xb2-1
613 6135 u5e08xb2-1
6dcayv95-1
614 6135 6dcayv95-1
mabe0zxn-1
615 6135 mabe0zxn-1
skh0p756-1
616 6135 skh0p756-1
vzrue5hp-1
617 6135 vzrue5hp-1
pgen403v-1
618 6135 pgen403v-1
oqhsqqbo-1
619 6135 oqhsqqbo-1
x9zibhqg-1
620 6135 x9zibhqg-1
1qfliyll-1
621 6135 1qfliyll-1
q3h3llkn-1
622 6135 q3h3llkn-1
02vooyei-1
623 6135 02vooyei-1
bpgph1v5-1
624 6135 bpgph1v5-1
e1kx5z81-1
625 6135 e1kx5z81-1
8vkf4opk-1
626 6135 8vkf4opk-1
rq8vambq-1
627 6135 rq8vambq-1
f7q79rbk-1
628 6135 f7q79rbk-1
uw1zji3x-1
629 6135 uw1zji3x-1
ayohpsuy-1
630 6135 ayohpsuy-1
lbefxq19-1
631 6135 lbefxq19-1
3lmm5ewx-1
632 6135 3lmm5ewx-1
wysveaup-1
633 6135 wysveaup-1
rqtc4704-1
634 6135 rqtc4704-1
pbzz1eaf-1
635 6135 pbzz1eaf-1
yc46ffns-1
636 6135 yc46ffns-1
zdvc7flp-1
637 6135 zdvc7flp-1
itwclybw-1
638 6135 itwclybw-1
xfj16wz4-1
639 6135 xfj16wz4-1
vptovc1f-1
640 6135 vptovc1f-1
bvsf8j2p-1
641 6135 bvsf8j2p-1
l2y14qdd-1
642 6135 l2y14qdd-1
dhjgcnyg-1
643 6135 dhjgcnyg-1
tj4cghyi-1
644 6135 tj4cghyi-1
deytg0he-1
645 6135 deytg0he-1
5rtmtuef-1
646 6135 5rtmtuef-1
zgjhc0nt-1
647 6135 zgjhc0nt-1
4jrh5zlu-1
648 6135 4jrh5zlu-1
hihp9duc-1
649 6135 hihp9duc-1
pi1c9no5-1
650 6135 pi1c9no5-1
4dpjqj8s-1
651 6135 4dpjqj8s-1
2nvxdjzy-1
652 6135 2nvxdjzy-1
ie9wjb7q-1
653 6135 ie9wjb7q-1
ak3k9xxp-1
654 6135 ak3k9xxp-1
si4zvklt-1
655 6135 si4zvklt-1
lifuiqad-1
656 6135 lifuiqad-1
gakxipnq-1
657 6135 gakxipnq-1
sgrfr6kd-1
658 6135 sgrfr6kd-1
o9rvqi9a-1
659 6135 o9rvqi9a-1
ho6kiqxa-1
660 6135 ho6kiqxa-1
7ldizukj-1
661 6135 7ldizukj-1